Build started 1/21/2015 4:21:11 PM.
     1>Project "C:\Users\requiem\Downloads\rootkit\rootkit.vcxproj" on node 2 (Build target(s)).
     1>ClCompile:
         C:\Program Files (x86)\Microsoft Visual Studio 12.0\VC\bin\CL.exe /c /ZI /nologo /W3 /WX- /Od /Oy- /D WIN32 /D _DEBUG /D _CONSOLE /D _MBCS /Gm /EHsc /RTC1 /MDd /GS /fp:precise /Zc:wchar_t /Zc:forScope /Fo"Debug\\" /Fd"Debug\vc120.pdb" /Gd /TP /analyze- /errorReport:prompt requiem.cpp
         requiem.cpp
     1>c:\users\requiem\downloads\rootkit\requiem.cpp(27): warning C4996: 'sprintf': This function or variable may be unsafe. Consider using sprintf_s instead. To disable deprecation, use _CRT_SECURE_NO_WARNINGS. See online help for details.
                 c:\program files (x86)\microsoft visual studio 12.0\vc\include\stdio.h(356) : see declaration of 'sprintf'
     1>c:\users\requiem\downloads\rootkit\requiem.cpp(34): warning C4996: 'sprintf': This function or variable may be unsafe. Consider using sprintf_s instead. To disable deprecation, use _CRT_SECURE_NO_WARNINGS. See online help for details.
                 c:\program files (x86)\microsoft visual studio 12.0\vc\include\stdio.h(356) : see declaration of 'sprintf'
     1>c:\users\requiem\downloads\rootkit\requiem.cpp(43): warning C4996: 'sprintf': This function or variable may be unsafe. Consider using sprintf_s instead. To disable deprecation, use _CRT_SECURE_NO_WARNINGS. See online help for details.
                 c:\program files (x86)\microsoft visual studio 12.0\vc\include\stdio.h(356) : see declaration of 'sprintf'
     1>c:\users\requiem\downloads\rootkit\requiem.cpp(56): warning C4996: 'sprintf': This function or variable may be unsafe. Consider using sprintf_s instead. To disable deprecation, use _CRT_SECURE_NO_WARNINGS. See online help for details.
                 c:\program files (x86)\microsoft visual studio 12.0\vc\include\stdio.h(356) : see declaration of 'sprintf'
     1>c:\users\requiem\downloads\rootkit\requiem.cpp(55): warning C4101: 'tempKeylogFileName' : unreferenced local variable
     1>c:\users\requiem\downloads\rootkit\requiem.cpp(24): warning C4101: 'keylogFile' : unreferenced local variable
     1>c:\users\requiem\downloads\rootkit\requiem.cpp(47): warning C4101: 'lpData' : unreferenced local variable
       Link:
         C:\Program Files (x86)\Microsoft Visual Studio 12.0\VC\bin\link.exe /ERRORREPORT:PROMPT /OUT:"C:\Users\requiem\Downloads\rootkit\Debug\rootkit.exe" /INCREMENTAL /NOLOGO kernel32.lib user32.lib gdi32.lib winspool.lib comdlg32.lib advapi32.lib shell32.lib ole32.lib oleaut32.lib uuid.lib odbc32.lib odbccp32.lib /MANIFEST /MANIFESTUAC:"level='asInvoker' uiAccess='false'" /manifest:embed /DEBUG /PDB:"C:\Users\requiem\Downloads\rootkit\Debug\rootkit.pdb" /SUBSYSTEM:CONSOLE /TLBID:1 /DYNAMICBASE /NXCOMPAT /IMPLIB:"C:\Users\requiem\Downloads\rootkit\Debug\rootkit.lib" /MACHINE:X86 Debug\requiem.obj
         rootkit.vcxproj -> C:\Users\requiem\Downloads\rootkit\Debug\rootkit.exe
     1>Done Building Project "C:\Users\requiem\Downloads\rootkit\rootkit.vcxproj" (Build target(s)).

Build succeeded.

Time Elapsed 00:00:03.65
